0 info it worked if it ends with ok
1 verbose cli [ '/Users/emilymcafee/.nvm/versions/node/v4.4.2/bin/node',
1 verbose cli   '/Users/emilymcafee/.nvm/versions/node/v4.4.2/bin/npm',
1 verbose cli   'publish' ]
2 info using npm@2.15.0
3 info using node@v4.4.2
4 verbose publish [ '.' ]
5 silly cache add args [ '.', null ]
6 verbose cache add spec .
7 silly cache add parsed spec Result {
7 silly cache add   raw: '.',
7 silly cache add   scope: null,
7 silly cache add   name: null,
7 silly cache add   rawSpec: '.',
7 silly cache add   spec: '/Users/emilymcafee/mapbox/assert-http',
7 silly cache add   type: 'directory' }
8 verbose addLocalDirectory /Users/emilymcafee/.npm/@mapbox/assert-http/1.1.4/package.tgz not in flight; packing
9 verbose correctMkdir /Users/emilymcafee/.npm correctMkdir not in flight; initializing
10 verbose tar pack [ '/Users/emilymcafee/.npm/@mapbox/assert-http/1.1.4/package.tgz',
10 verbose tar pack   '/Users/emilymcafee/mapbox/assert-http' ]
11 verbose tarball /Users/emilymcafee/.npm/@mapbox/assert-http/1.1.4/package.tgz
12 verbose folder /Users/emilymcafee/mapbox/assert-http
13 info prepublish @mapbox/assert-http@1.1.4
14 verbose addLocalTarball adding from inside cache /Users/emilymcafee/.npm/@mapbox/assert-http/1.1.4/package.tgz
15 verbose correctMkdir /Users/emilymcafee/.npm correctMkdir not in flight; initializing
16 silly cache afterAdd @mapbox/assert-http@1.1.4
17 verbose afterAdd /Users/emilymcafee/.npm/@mapbox/assert-http/1.1.4/package/package.json not in flight; writing
18 verbose correctMkdir /Users/emilymcafee/.npm correctMkdir not in flight; initializing
19 verbose afterAdd /Users/emilymcafee/.npm/@mapbox/assert-http/1.1.4/package/package.json written
20 silly publish { license: 'BSD-2-Clause',
20 silly publish   name: '@mapbox/assert-http',
20 silly publish   repository:
20 silly publish    { url: 'git+ssh://git@github.com/mapbox/assert-http.git',
20 silly publish      type: 'git' },
20 silly publish   author:
20 silly publish    { name: 'Mapbox',
20 silly publish      email: 'info@mapbox.com',
20 silly publish      url: 'http://mapbox.com/' },
20 silly publish   version: '1.1.4',
20 silly publish   dependencies:
20 silly publish    { request: '2.78.0',
20 silly publish      mkdirp: '0.3.x',
20 silly publish      'sort-keys': '^1.1.2',
20 silly publish      underscore: '1.4.x',
20 silly publish      'assert-diff': '0.0.4',
20 silly publish      mapnik: '3.x' },
20 silly publish   scripts: { test: 'mocha -R spec' },
20 silly publish   devDependencies: { mocha: '1.x' },
20 silly publish   main: 'index.js',
20 silly publish   description: 'HTTP test fixture helper',
20 silly publish   readme: 'Assert HTTP\n-----------\n\nTest helpers for testing a HTTP interface. This library contains two primary interfaces; a test runner which executes a set of HTTP calls as described by files in a directory, and a extension to the assert module.\n\n[![Build Status](https://travis-ci.org/mapbox/assert-http.svg)](https://travis-ci.org/mapbox/assert-http)\n\n[![Build status](https://ci.appveyor.com/api/projects/status/6rnqyj048nf5k84g)](https://ci.appveyor.com/project/Mapbox/assert-http)\n\n## HTTP testing inferface\n\nWith [mocha](http://visionmedia.github.io/mocha/), usage looks like;\n\n```\ndescribe(\'api server\', function(done) {\n    fixtures.load(\'/path/to/tests/\').forEach(function(test) {\n        it(test.name, function(done) {\n            fixtures.runtest(test, {handlers: handlers, clean: clean}, done);\n        });\n    });\n});\n```\n\n### assertHTTP.load(dirname)\n\nSyncronous function that loads text fixtures from a directory. Returns an array of test objects.\n\n### assertHTTP.runtest(test, options, callback)\n\nRuns an individual test. Requires a test object (from assertHTTP.load), options object and callback function. The options object may contain the keys;\n\n* `handlers`; an object of keys and replacer methods for populating http requests. Handlers are async and have the function signature `function(req, value, next)`\n* `clean`; an object of keys and replacer methods for sanitizing http response headers and body. Replacer methodes have the signature `function(key, value, context)`\n\n### assertHTTP.updateFixtures()\n\nCall this method to notify assertHTTP to update fixtures as it runs.\n\n### assertHTTP.mkdirpSync(path)\n\nSync version of mkdirp\n\n### assertHTTP.md5(string)\n\nmd5 helper.\n\n### assertHTTP.imageEquals(buffer, buffer, options)\n\nA pixel-by-pixel comparison of two image buffers using the node-mapnik `Image.compare()` API. The options object may contain the keys:\n\n* `threshold`; tolerance level of RGB value difference between two pixels. Defaults to 16.\n* `diffsize`; a float between 0-1 expressing the max allowed difference between buffer lengths. Defaults to 0.1.\n* `diffpx`; a float between 0-1 expressing the max number of pixels allowed to exceed the `threshold` option. Defaults to 0.02.\n\n## Assertion module extension\n\n### assert.response(req, res, callback)\n\nIf `res.clean` is present it is expected to be a method that `json.stringify` can use to sanitize the response headers.\n',
20 silly publish   readmeFilename: 'README.md',
20 silly publish   gitHead: 'f23ba7e3380a2aa5c395e2759dbe70cb5ea5102d',
20 silly publish   bugs: { url: 'https://github.com/mapbox/assert-http/issues' },
20 silly publish   homepage: 'https://github.com/mapbox/assert-http#readme',
20 silly publish   _id: '@mapbox/assert-http@1.1.4',
20 silly publish   _shasum: '72fe9fb0274a5c40fe733ab00bbc12f819d84a2f',
20 silly publish   _from: '.' }
21 verbose getPublishConfig undefined
22 silly mapToRegistry name @mapbox/assert-http
23 silly mapToRegistry scope (from package name) @mapbox
24 silly mapToRegistry registry https://registry.npmjs.org/
25 silly mapToRegistry data Result {
25 silly mapToRegistry   raw: '@mapbox/assert-http',
25 silly mapToRegistry   scope: '@mapbox',
25 silly mapToRegistry   name: '@mapbox/assert-http',
25 silly mapToRegistry   rawSpec: '',
25 silly mapToRegistry   spec: 'latest',
25 silly mapToRegistry   type: 'tag' }
26 silly mapToRegistry uri https://registry.npmjs.org/@mapbox%2fassert-http
27 verbose publish registryBase https://registry.npmjs.org/
28 silly publish uploading /Users/emilymcafee/.npm/@mapbox/assert-http/1.1.4/package.tgz
29 verbose request uri https://registry.npmjs.org/@mapbox%2fassert-http
30 verbose request sending authorization for write operation
31 info attempt registry request try #1 at 6:09:35 PM
32 verbose request using bearer token for auth
33 verbose request id a2a0302854e1791c
34 http request PUT https://registry.npmjs.org/@mapbox%2fassert-http
35 http 403 https://registry.npmjs.org/@mapbox%2fassert-http
36 verbose headers { 'content-type': 'application/json',
36 verbose headers   'cache-control': 'max-age=0',
36 verbose headers   'content-length': '95',
36 verbose headers   'accept-ranges': 'bytes',
36 verbose headers   date: 'Tue, 11 Jul 2017 22:09:37 GMT',
36 verbose headers   via: '1.1 varnish',
36 verbose headers   connection: 'keep-alive',
36 verbose headers   'x-served-by': 'cache-iad2137-IAD',
36 verbose headers   'x-cache': 'MISS',
36 verbose headers   'x-cache-hits': '0',
36 verbose headers   'x-timer': 'S1499810976.652452,VS0,VE1433' }
37 verbose request invalidating /Users/emilymcafee/.npm/registry.npmjs.org/_40mapbox_252fassert-http on PUT
38 error publish Failed PUT 403
39 verbose stack Error: "You cannot publish over the previously published version 1.1.4." : @mapbox/assert-http
39 verbose stack     at makeError (/Users/emilymcafee/.nvm/versions/node/v4.4.2/lib/node_modules/npm/node_modules/npm-registry-client/lib/request.js:264:12)
39 verbose stack     at CachingRegistryClient.<anonymous> (/Users/emilymcafee/.nvm/versions/node/v4.4.2/lib/node_modules/npm/node_modules/npm-registry-client/lib/request.js:252:14)
39 verbose stack     at Request._callback (/Users/emilymcafee/.nvm/versions/node/v4.4.2/lib/node_modules/npm/node_modules/npm-registry-client/lib/request.js:172:14)
39 verbose stack     at Request.self.callback (/Users/emilymcafee/.nvm/versions/node/v4.4.2/lib/node_modules/npm/node_modules/request/request.js:199:22)
39 verbose stack     at emitTwo (events.js:87:13)
39 verbose stack     at Request.emit (events.js:172:7)
39 verbose stack     at Request.<anonymous> (/Users/emilymcafee/.nvm/versions/node/v4.4.2/lib/node_modules/npm/node_modules/request/request.js:1036:10)
39 verbose stack     at emitOne (events.js:82:20)
39 verbose stack     at Request.emit (events.js:169:7)
39 verbose stack     at IncomingMessage.<anonymous> (/Users/emilymcafee/.nvm/versions/node/v4.4.2/lib/node_modules/npm/node_modules/request/request.js:963:12)
40 verbose statusCode 403
41 verbose pkgid @mapbox/assert-http
42 verbose cwd /Users/emilymcafee/mapbox/assert-http
43 error Darwin 16.6.0
44 error argv "/Users/emilymcafee/.nvm/versions/node/v4.4.2/bin/node" "/Users/emilymcafee/.nvm/versions/node/v4.4.2/bin/npm" "publish"
45 error node v4.4.2
46 error npm  v2.15.0
47 error code E403
48 error "You cannot publish over the previously published version 1.1.4." : @mapbox/assert-http
49 error If you need help, you may report this error at:
49 error     <https://github.com/npm/npm/issues>
50 verbose exit [ 1, true ]
